<?xml version="1.0" encoding="UTF-8"?>
<testsuite name="SILab2Test" tests="4" skipped="0" failures="0" errors="0" timestamp="2021-05-09T20:23:34" hostname="DARK" time="0.09">
  <properties/>
  <testcase name="testClassNormal()" classname="SILab2Test" time="0.065"/>
  <testcase name="testSpecials()" classname="SILab2Test" time="0.002"/>
  <testcase name="testClassPositives()" classname="SILab2Test" time="0.006"/>
  <testcase name="testClassNegatives()" classname="SILab2Test" time="0.007"/>
  <system-out><![CDATA[]]></system-out>
  <system-err><![CDATA[]]></system-err>
</testsuite>
